# JRE version: OpenJDK Runtime Environment (21.0.8) (build 21.0.8+-14196175-b1038.72)
# Java VM: OpenJDK 64-Bit Server VM (21.0.8+-14196175-b1038.72, mixed mode, tiered, compressed oops, compressed class ptrs, g1 gc, windows-amd64)
GC Precious Log:
 CardTable entry size: 512
 Card Set container configuration: InlinePtr #cards 5 size 8 Array Of Cards #cards 12 size 40 Howl #buckets 4 coarsen threshold 1843 Howl Bitmap #cards 512 size 80 coarsen threshold 460 Card regions per heap region 1 cards per card region 2048
 CPUs: 8 total, 8 available
 Memory: 7502M
 Large Page Support: Disabled
 NUMA Support: Disabled
 Compressed Oops: Enabled (32-bit)
 Heap Region Size: 1M
 Heap Min Capacity: 8M
 Heap Initial Capacity: 118M
 Heap Max Capacity: 2G
 Pre-touch: Disabled
 Parallel Workers: 8
 Concurrent Workers: 2
 Concurrent Refinement Workers: 8
 Periodic GC: Disabled
Heap:
 garbage-first heap   total 206848K, used 182583K [0x0000000080000000, 0x0000000100000000)
  region size 1024K, 55 young (56320K), 8 survivors (8192K)
 Metaspace       used 90293K, committed 92288K, reserved 1179648K
  class space    used 12610K, committed 13568K, reserved 1048576K
GC Heap History (20 events):
Event: 19.795 GC heap before
{Heap before GC invocations=17 (full 0):
 garbage-first heap   total 125952K, used 124568K [0x0000000080000000, 0x0000000100000000)
  region size 1024K, 41 young (41984K), 3 survivors (3072K)
 Metaspace       used 58698K, committed 60352K, reserved 1114112K
  class space    used 8313K, committed 9088K, reserved 1048576K
}
Event: 19.801 GC heap after
{Heap after GC invocations=18 (full 0):
 garbage-first heap   total 133120K, used 91031K [0x0000000080000000, 0x0000000100000000)
  region size 1024K, 6 young (6144K), 6 survivors (6144K)
 Metaspace       used 58698K, committed 60352K, reserved 1114112K
  class space    used 8313K, committed 9088K, reserved 1048576K
}
Event: 20.108 GC heap before
{Heap before GC invocations=18 (full 0):
 garbage-first heap   total 133120K, used 119703K [0x0000000080000000, 0x0000000100000000)
  region size 1024K, 34 young (34816K), 6 survivors (6144K)
 Metaspace       used 59425K, committed 61120K, reserved 1114112K
  class space    used 8452K, committed 9280K, reserved 1048576K
}
Event: 20.115 GC heap after
{Heap after GC invocations=19 (full 0):
 garbage-first heap   total 133120K, used 91861K [0x0000000080000000, 0x0000000100000000)
  region size 1024K, 1 young (1024K), 1 survivors (1024K)
 Metaspace       used 59425K, committed 61120K, reserved 1114112K
  class space    used 8452K, committed 9280K, reserved 1048576K
}
Event: 20.840 GC heap before
{Heap before GC invocations=19 (full 0):
 garbage-first heap   total 133120K, used 124629K [0x0000000080000000, 0x0000000100000000)
  region size 1024K, 33 young (33792K), 1 survivors (1024K)
 Metaspace       used 63741K, committed 65536K, reserved 1114112K
  class space    used 9054K, committed 9920K, reserved 1048576K
}
Event: 20.843 GC heap after
{Heap after GC invocations=20 (full 0):
 garbage-first heap   total 133120K, used 92660K [0x0000000080000000, 0x0000000100000000)
  region size 1024K, 2 young (2048K), 2 survivors (2048K)
 Metaspace       used 63741K, committed 65536K, reserved 1114112K
  class space    used 9054K, committed 9920K, reserved 1048576K
}
Event: 21.611 GC heap before
{Heap before GC invocations=21 (full 0):
 garbage-first heap   total 155648K, used 121332K [0x0000000080000000, 0x0000000100000000)
  region size 1024K, 30 young (30720K), 2 survivors (2048K)
 Metaspace       used 67498K, committed 69248K, reserved 1114112K
  class space    used 9652K, committed 10496K, reserved 1048576K
}
Event: 21.616 GC heap after
{Heap after GC invocations=22 (full 0):
 garbage-first heap   total 187392K, used 94009K [0x0000000080000000, 0x0000000100000000)
  region size 1024K, 3 young (3072K), 3 survivors (3072K)
 Metaspace       used 67498K, committed 69248K, reserved 1114112K
  class space    used 9652K, committed 10496K, reserved 1048576K
}
Event: 23.900 GC heap before
{Heap before GC invocations=22 (full 0):
 garbage-first heap   total 187392K, used 171833K [0x0000000080000000, 0x0000000100000000)
  region size 1024K, 80 young (81920K), 3 survivors (3072K)
 Metaspace       used 72539K, committed 74368K, reserved 1114112K
  class space    used 10354K, committed 11264K, reserved 1048576K
}
Event: 23.910 GC heap after
{Heap after GC invocations=23 (full 0):
 garbage-first heap   total 187392K, used 99407K [0x0000000080000000, 0x0000000100000000)
  region size 1024K, 9 young (9216K), 9 survivors (9216K)
 Metaspace       used 72539K, committed 74368K, reserved 1114112K
  class space    used 10354K, committed 11264K, reserved 1048576K
}
Event: 26.657 GC heap before
{Heap before GC invocations=23 (full 0):
 garbage-first heap   total 187392K, used 165967K [0x0000000080000000, 0x0000000100000000)
  region size 1024K, 75 young (76800K), 9 survivors (9216K)
 Metaspace       used 72894K, committed 74752K, reserved 1114112K
  class space    used 10355K, committed 11264K, reserved 1048576K
}
Event: 26.667 GC heap after
{Heap after GC invocations=24 (full 0):
 garbage-first heap   total 187392K, used 103303K [0x0000000080000000, 0x0000000100000000)
  region size 1024K, 4 young (4096K), 4 survivors (4096K)
 Metaspace       used 72894K, committed 74752K, reserved 1114112K
  class space    used 10355K, committed 11264K, reserved 1048576K
}
Event: 28.701 GC heap before
{Heap before GC invocations=25 (full 0):
 garbage-first heap   total 187392K, used 181127K [0x0000000080000000, 0x0000000100000000)
  region size 1024K, 71 young (72704K), 4 survivors (4096K)
 Metaspace       used 76014K, committed 77952K, reserved 1179648K
  class space    used 10764K, committed 11712K, reserved 1048576K
}
Event: 28.709 GC heap after
{Heap after GC invocations=26 (full 0):
 garbage-first heap   total 193536K, used 119776K [0x0000000080000000, 0x0000000100000000)
  region size 1024K, 9 young (9216K), 9 survivors (9216K)
 Metaspace       used 76014K, committed 77952K, reserved 1179648K
  class space    used 10764K, committed 11712K, reserved 1048576K
}
Event: 30.185 GC heap before
{Heap before GC invocations=26 (full 0):
 garbage-first heap   total 193536K, used 174048K [0x0000000080000000, 0x0000000100000000)
  region size 1024K, 62 young (63488K), 9 survivors (9216K)
 Metaspace       used 82189K, committed 84224K, reserved 1179648K
  class space    used 11504K, committed 12480K, reserved 1048576K
}
Event: 30.193 GC heap after
{Heap after GC invocations=27 (full 0):
 garbage-first heap   total 193536K, used 121855K [0x0000000080000000, 0x0000000100000000)
  region size 1024K, 2 young (2048K), 2 survivors (2048K)
 Metaspace       used 82189K, committed 84224K, reserved 1179648K
  class space    used 11504K, committed 12480K, reserved 1048576K
}
Event: 30.250 GC heap before
{Heap before GC invocations=27 (full 0):
 garbage-first heap   total 193536K, used 122879K [0x0000000080000000, 0x0000000100000000)
  region size 1024K, 4 young (4096K), 2 survivors (2048K)
 Metaspace       used 82322K, committed 84352K, reserved 1179648K
  class space    used 11527K, committed 12480K, reserved 1048576K
}
Event: 30.256 GC heap after
{Heap after GC invocations=28 (full 0):
 garbage-first heap   total 193536K, used 121704K [0x0000000080000000, 0x0000000100000000)
  region size 1024K, 2 young (2048K), 2 survivors (2048K)
 Metaspace       used 82322K, committed 84352K, reserved 1179648K
  class space    used 11527K, committed 12480K, reserved 1048576K
}
Event: 31.354 GC heap before
{Heap before GC invocations=29 (full 0):
 garbage-first heap   total 206848K, used 185192K [0x0000000080000000, 0x0000000100000000)
  region size 1024K, 59 young (60416K), 2 survivors (2048K)
 Metaspace       used 86823K, committed 88896K, reserved 1179648K
  class space    used 12132K, committed 13120K, reserved 1048576K
}
Event: 31.361 GC heap after
{Heap after GC invocations=30 (full 0):
 garbage-first heap   total 206848K, used 134455K [0x0000000080000000, 0x0000000100000000)
  region size 1024K, 8 young (8192K), 8 survivors (8192K)
 Metaspace       used 86823K, committed 88896K, reserved 1179648K
  class space    used 12132K, committed 13120K, reserved 1048576K
}

